Namespace(no_progress_bar=False, log_interval=100, log_format=None, log_file=None, aim_repo=None, aim_run_hash=None, tensorboard_logdir=None, wandb_project=None, azureml_logging=False, seed=1, cpu=False, tpu=False, bf16=False, memory_efficient_bf16=False, fp16=False, memory_efficient_fp16=False, fp16_no_flatten_grads=False, fp16_init_scale=128, fp16_scale_window=None, fp16_scale_tolerance=0.0, on_cpu_convert_precision=False, min_loss_scale=0.0001, threshold_loss_scale=None, amp=False, amp_batch_retries=2, amp_init_scale=128, amp_scale_window=None, user_dir=None, empty_cache_freq=0, all_gather_list_size=16384, model_parallel_size=1, quantization_config_path=None, profile=False, reset_logging=False, suppress_crashes=False, use_plasma_view=False, plasma_path='/tmp/plasma', criterion='cross_entropy', tokenizer=None, bpe=None, optimizer=None, lr_scheduler='fixed', scoring='bleu', task='translation', source_lang='en', target_lang='es', trainpref='data-bpe/train.en-es', validpref='data-bpe/valid.en-es', testpref='data-bpe/test.en-es', align_suffix=None, destdir='data-bin', thresholdtgt=0, thresholdsrc=0, tgtdict='data-bin/dict.en.txt', srcdict='data-bin/dict.en.txt', nwordstgt=-1, nwordssrc=-1, alignfile=None, dataset_impl='mmap', joined_dictionary=False, only_source=False, padding_factor=8, workers=1, dict_only=False)
[en] Dictionary: 3001 types
[en] data-bpe/train.en-es.en: 50000 sents, 1542091 tokens, 0.0% replaced (by <unk>)
[en] Dictionary: 3001 types
[en] data-bpe/valid.en-es.en: 1000 sents, 29833 tokens, 0.0% replaced (by <unk>)
[en] Dictionary: 3001 types
[en] data-bpe/test.en-es.en: 1000 sents, 33245 tokens, 0.0% replaced (by <unk>)
[es] Dictionary: 3001 types
[es] data-bpe/train.en-es.es: 50000 sents, 1587509 tokens, 0.0% replaced (by <unk>)
[es] Dictionary: 3001 types
[es] data-bpe/valid.en-es.es: 1000 sents, 30995 tokens, 0.0% replaced (by <unk>)
[es] Dictionary: 3001 types
[es] data-bpe/test.en-es.es: 1000 sents, 35259 tokens, 0.0% replaced (by <unk>)
Wrote preprocessed data to data-bin
Namespace(no_progress_bar=False, log_interval=100, log_format=None, log_file=None, aim_repo=None, aim_run_hash=None, tensorboard_logdir=None, wandb_project=None, azureml_logging=False, seed=1, cpu=False, tpu=False, bf16=False, memory_efficient_bf16=False, fp16=False, memory_efficient_fp16=False, fp16_no_flatten_grads=False, fp16_init_scale=128, fp16_scale_window=None, fp16_scale_tolerance=0.0, on_cpu_convert_precision=False, min_loss_scale=0.0001, threshold_loss_scale=None, amp=False, amp_batch_retries=2, amp_init_scale=128, amp_scale_window=None, user_dir=None, empty_cache_freq=0, all_gather_list_size=16384, model_parallel_size=1, quantization_config_path=None, profile=False, reset_logging=False, suppress_crashes=False, use_plasma_view=False, plasma_path='/tmp/plasma', criterion='cross_entropy', tokenizer=None, bpe=None, optimizer=None, lr_scheduler='fixed', scoring='bleu', task='translation', source_lang='en', target_lang='pt', trainpref='data-bpe/train.en-pt', validpref='data-bpe/valid.en-pt', testpref='data-bpe/test.en-pt', align_suffix=None, destdir='data-bin', thresholdtgt=0, thresholdsrc=0, tgtdict='data-bin/dict.en.txt', srcdict='data-bin/dict.en.txt', nwordstgt=-1, nwordssrc=-1, alignfile=None, dataset_impl='mmap', joined_dictionary=False, only_source=False, padding_factor=8, workers=1, dict_only=False)
[en] Dictionary: 3001 types
[en] data-bpe/train.en-pt.en: 50000 sents, 1542091 tokens, 0.0% replaced (by <unk>)
[en] Dictionary: 3001 types
[en] data-bpe/valid.en-pt.en: 1000 sents, 29833 tokens, 0.0% replaced (by <unk>)
[en] Dictionary: 3001 types
[en] data-bpe/test.en-pt.en: 1000 sents, 34815 tokens, 0.0% replaced (by <unk>)
[pt] Dictionary: 3001 types
[pt] data-bpe/train.en-pt.pt: 50000 sents, 1585977 tokens, 0.0% replaced (by <unk>)
[pt] Dictionary: 3001 types
[pt] data-bpe/valid.en-pt.pt: 1000 sents, 30662 tokens, 0.0% replaced (by <unk>)
[pt] Dictionary: 3001 types
[pt] data-bpe/test.en-pt.pt: 1000 sents, 36744 tokens, 0.0% replaced (by <unk>)
Wrote preprocessed data to data-bin
